0 info it worked if it ends with ok
1 verbose cli [ 'node',
1 verbose cli   '/usr/local/bin/npm',
1 verbose cli   'install',
1 verbose cli   'firebase-simple-login' ]
2 info using npm@1.4.3
3 info using node@v0.10.26
4 warn package.json FireDeck@0.0.0 No repository field.
5 verbose readDependencies using package.json deps
6 verbose cache add [ 'firebase-simple-login', null ]
7 verbose cache add name=undefined spec="firebase-simple-login" args=["firebase-simple-login",null]
8 verbose parsed url { protocol: null,
8 verbose parsed url   slashes: null,
8 verbose parsed url   auth: null,
8 verbose parsed url   host: null,
8 verbose parsed url   port: null,
8 verbose parsed url   hostname: null,
8 verbose parsed url   hash: null,
8 verbose parsed url   search: null,
8 verbose parsed url   query: null,
8 verbose parsed url   pathname: 'firebase-simple-login',
8 verbose parsed url   path: 'firebase-simple-login',
8 verbose parsed url   href: 'firebase-simple-login' }
9 silly lockFile 2d63c101-firebase-simple-login firebase-simple-login
10 verbose lock firebase-simple-login /Users/david/.npm/2d63c101-firebase-simple-login.lock
11 silly lockFile 2d63c101-firebase-simple-login firebase-simple-login
12 silly lockFile 2d63c101-firebase-simple-login firebase-simple-login
13 verbose addNamed [ 'firebase-simple-login', '' ]
14 verbose addNamed [ null, '*' ]
15 silly lockFile 02d26f55-firebase-simple-login firebase-simple-login@
16 verbose lock firebase-simple-login@ /Users/david/.npm/02d26f55-firebase-simple-login.lock
17 silly addNameRange { name: 'firebase-simple-login', range: '*', hasData: false }
18 verbose url raw firebase-simple-login
19 verbose url resolving [ 'https://registry.npmjs.org/', './firebase-simple-login' ]
20 verbose url resolved https://registry.npmjs.org/firebase-simple-login
21 info trying registry request attempt 1 at 00:09:43
22 http GET https://registry.npmjs.org/firebase-simple-login
23 http 404 https://registry.npmjs.org/firebase-simple-login
24 silly registry.get cb [ 404,
24 silly registry.get   { date: 'Sun, 01 Jun 2014 07:09:46 GMT',
24 silly registry.get     server: 'CouchDB/1.5.0 (Erlang OTP/R14B04)',
24 silly registry.get     'content-type': 'application/json',
24 silly registry.get     via: '1.1 varnish',
24 silly registry.get     'cache-control': 'max-age=0',
24 silly registry.get     'content-length': '52',
24 silly registry.get     'accept-ranges': 'bytes',
24 silly registry.get     age: '0',
24 silly registry.get     'x-served-by': 'cache-v37-ASH, cache-c101-CHI',
24 silly registry.get     'x-cache': 'MISS, MISS',
24 silly registry.get     'x-cache-hits': '0, 0',
24 silly registry.get     'x-timer': 'S1401606585.934443,VS0,VE114',
24 silly registry.get     'keep-alive': 'timeout=10, max=50',
24 silly registry.get     connection: 'Keep-Alive' } ]
25 silly lockFile 02d26f55-firebase-simple-login firebase-simple-login@
26 silly lockFile 02d26f55-firebase-simple-login firebase-simple-login@
27 error 404 'firebase-simple-login' is not in the npm registry.
27 error 404 You should bug the author to publish it
27 error 404 It was specified as a dependency of 'FireDeck'
27 error 404
27 error 404 Note that you can also install from a
27 error 404 tarball, folder, or http url, or git url.
28 error System Darwin 13.1.0
29 error command "node" "/usr/local/bin/npm" "install" "firebase-simple-login"
30 error cwd /Users/david/Documents/Code/FireDeck
31 error node -v v0.10.26
32 error npm -v 1.4.3
33 error code E404
34 verbose exit [ 1, true ]
